<?xml version="1.0" encoding="UTF-8"?>
<testsuite name="Crear una reserva." tests="2" skipped="0" failures="0" errors="0" timestamp="2024-05-26T04:41:08" hostname="DESKTOP-MQRS415" time="8.198">
  <properties/>
  <testcase name="El sistema muestra los datos requeridos" classname="Crear una reserva." time="5.742"/>
  <testcase name="El usuario ingresa los datos requeridos correctamente." classname="Crear una reserva." time="2.456"/>
  <system-out><![CDATA[]]></system-out>
  <system-err><![CDATA[may. 25, 2024 11:41:10 P. M. org.openqa.selenium.devtools.CdpVersionFinder findNearestMatch
WARNING: Unable to find CDP implementation matching 125
may. 25, 2024 11:41:10 P. M. org.openqa.selenium.chromium.ChromiumDriver lambda$new$5
WARNING: Unable to find version of CDP to use for 125.0.6422.112. You may need to include a dependency on a specific version of the CDP using something similar to `org.seleniumhq.selenium:selenium-devtools-v86:4.16.1` where the version ("v86") matches the version of the chromium-based browser you're using and the version number of the artifact is the same as Selenium's.
]]></system-err>
</testsuite>
